<?xml version="1.0" encoding="UTF-8"?>
<!-- Generated by org.testng.reporters.JUnitReportReporter -->
<testsuite hostname="lokuprasanth" failures="0" tests="1" name="com.testNG.SimpleAnnotations" time="4.612" errors="0" timestamp="2023-06-14T08:45:03 IST" skipped="0">
  <testcase classname="com.testNG.SimpleAnnotations" name="verifymainpage" time="4.612"/>
</testsuite> <!-- com.testNG.SimpleAnnotations -->
