<?xml version="1.0" encoding="UTF-8"?>
<!-- Generated by org.testng.reporters.JUnitReportReporter -->
<testsuite hostname="lokuprasanth" failures="0" tests="4" name="com.testNG.Features" time="0.016" errors="0" timestamp="2023-06-14T08:55:32 IST" skipped="0">
  <testcase classname="com.testNG.Features" name="section" time="0.002"/>
  <testcase classname="com.testNG.Features" name="department" time="0.009"/>
  <testcase classname="com.testNG.Features" name="course" time="0.002"/>
  <testcase classname="com.testNG.Features" name="higherstudies" time="0.003"/>
</testsuite> <!-- com.testNG.Features -->
