<?xml version="1.0" encoding="UTF-8"?>
<!-- Generated by org.testng.reporters.JUnitReportReporter -->
<testsuite hostname="lokuprasanth" failures="0" tests="5" name="com.testNG.Invocationcount" time="0.033" errors="0" timestamp="2023-06-14T09:03:26 IST" skipped="0">
  <testcase classname="com.testNG.Invocationcount" name="degree" time="0.014"/>
  <testcase classname="com.testNG.Invocationcount" name="degree" time="0.003"/>
  <testcase classname="com.testNG.Invocationcount" name="marks" time="0.003"/>
  <testcase classname="com.testNG.Invocationcount" name="name" time="0.010"/>
  <testcase classname="com.testNG.Invocationcount" name="degree" time="0.003"/>
</testsuite> <!-- com.testNG.Invocationcount -->
