<?xml version="1.0" encoding="UTF-8"?>
<!-- Generated by org.testng.reporters.JUnitReportReporter -->
<testsuite hostname="lokuprasanth" failures="0" tests="3" name="com.testNG.Test1" time="0.019" errors="0" timestamp="2023-06-14T07:48:51 IST" skipped="0">
  <testcase classname="com.testNG.Test1" name="name" time="0.002"/>
  <testcase classname="com.testNG.Test1" name="age" time="0.014"/>
  <testcase classname="com.testNG.Test1" name="place" time="0.003"/>
</testsuite> <!-- com.testNG.Test1 -->
