<?xml version="1.0" encoding="UTF-8"?>
<!-- Generated by org.testng.reporters.JUnitReportReporter -->
<testsuite hostname="lokuprasanth" failures="0" tests="1" name="com.testNG.Parameterized" time="49.473" errors="0" timestamp="2023-06-14T09:39:28 IST" skipped="0">
  <testcase classname="com.testNG.Parameterized" name="adactin" time="49.473"/>
</testsuite> <!-- com.testNG.Parameterized -->
