<?xml version="1.0" encoding="UTF-8"?>
<!-- Generated by org.testng.reporters.JUnitReportReporter -->
<testsuite hostname="lokuprasanth" failures="0" tests="2" name="com.testNG.Groups" time="0.021" errors="0" timestamp="2023-06-14T09:28:56 IST" skipped="0">
  <testcase classname="com.testNG.Groups" name="date" time="0.020"/>
  <testcase classname="com.testNG.Groups" name="name" time="0.001"/>
</testsuite> <!-- com.testNG.Groups -->
